<?xml version="1.0" encoding="UTF-8"?>
<testsuite xmlns:xsi="http://www.w3.org/2001/XMLSchema-instance" xsi:noNamespaceSchemaLocation="https://maven.apache.org/surefire/maven-surefire-plugin/xsd/surefire-test-report-3.0.xsd" version="3.0" name="runner.TestRunner" time="2.801" tests="9" errors="0" skipped="0" failures="0">
  <properties>
    <property name="java.specification.version" value="17"/>
    <property name="sun.cpu.isalist" value="amd64"/>
    <property name="sun.jnu.encoding" value="Cp1252"/>
    <property name="java.class.path" value="C:\Users\HP\eclipse-workspace\Restassuredwithbdd\target\test-classes;C:\Users\HP\eclipse-workspace\Restassuredwithbdd\target\classes;C:\Users\HP\.m2\repository\io\cucumber\cucumber-java\7.0.0\cucumber-java-7.0.0.jar;C:\Users\HP\.m2\repository\io\cucumber\cucumber-core\7.0.0\cucumber-core-7.0.0.jar;C:\Users\HP\.m2\repository\io\cucumber\cucumber-gherkin\7.0.0\cucumber-gherkin-7.0.0.jar;C:\Users\HP\.m2\repository\io\cucumber\cucumber-gherkin-messages\7.0.0\cucumber-gherkin-messages-7.0.0.jar;C:\Users\HP\.m2\repository\io\cucumber\messages\17.1.1\messages-17.1.1.jar;C:\Users\HP\.m2\repository\io\cucumber\tag-expressions\4.0.2\tag-expressions-4.0.2.jar;C:\Users\HP\.m2\repository\io\cucumber\cucumber-expressions\13.0.1\cucumber-expressions-13.0.1.jar;C:\Users\HP\.m2\repository\io\cucumber\datatable\7.0.0\datatable-7.0.0.jar;C:\Users\HP\.m2\repository\io\cucumber\cucumber-plugin\7.0.0\cucumber-plugin-7.0.0.jar;C:\Users\HP\.m2\repository\io\cucumber\docstring\7.0.0\docstring-7.0.0.jar;C:\Users\HP\.m2\repository\io\cucumber\html-formatter\17.0.0\html-formatter-17.0.0.jar;C:\Users\HP\.m2\repository\io\cucumber\create-meta\6.0.1\create-meta-6.0.1.jar;C:\Users\HP\.m2\repository\org\apiguardian\apiguardian-api\1.1.2\apiguardian-api-1.1.2.jar;C:\Users\HP\.m2\repository\io\cucumber\cucumber-junit\7.0.0\cucumber-junit-7.0.0.jar;C:\Users\HP\.m2\repository\io\rest-assured\rest-assured\4.3.3\rest-assured-4.3.3.jar;C:\Users\HP\.m2\repository\org\codehaus\groovy\groovy\3.0.7\groovy-3.0.7.jar;C:\Users\HP\.m2\repository\org\codehaus\groovy\groovy-xml\3.0.7\groovy-xml-3.0.7.jar;C:\Users\HP\.m2\repository\org\apache\httpcomponents\httpclient\4.5.3\httpclient-4.5.3.jar;C:\Users\HP\.m2\repository\org\apache\httpcomponents\httpcore\4.4.6\httpcore-4.4.6.jar;C:\Users\HP\.m2\repository\commons-logging\commons-logging\1.2\commons-logging-1.2.jar;C:\Users\HP\.m2\repository\commons-codec\commons-codec\1.9\commons-codec-1.9.jar;C:\Users\HP\.m2\repository\org\apache\httpcomponents\httpmime\4.5.3\httpmime-4.5.3.jar;C:\Users\HP\.m2\repository\org\hamcrest\hamcrest\2.1\hamcrest-2.1.jar;C:\Users\HP\.m2\repository\org\ccil\cowan\tagsoup\tagsoup\1.2.1\tagsoup-1.2.1.jar;C:\Users\HP\.m2\repository\io\rest-assured\json-path\4.3.3\json-path-4.3.3.jar;C:\Users\HP\.m2\repository\org\codehaus\groovy\groovy-json\3.0.7\groovy-json-3.0.7.jar;C:\Users\HP\.m2\repository\io\rest-assured\rest-assured-common\4.3.3\rest-assured-common-4.3.3.jar;C:\Users\HP\.m2\repository\io\rest-assured\xml-path\4.3.3\xml-path-4.3.3.jar;C:\Users\HP\.m2\repository\org\apache\commons\commons-lang3\3.11\commons-lang3-3.11.jar;C:\Users\HP\.m2\repository\jakarta\xml\bind\jakarta.xml.bind-api\2.3.3\jakarta.xml.bind-api-2.3.3.jar;C:\Users\HP\.m2\repository\jakarta\activation\jakarta.activation-api\1.2.2\jakarta.activation-api-1.2.2.jar;C:\Users\HP\.m2\repository\com\sun\xml\bind\jaxb-impl\2.3.3\jaxb-impl-2.3.3.jar;C:\Users\HP\.m2\repository\junit\junit\4.13.1\junit-4.13.1.jar;C:\Users\HP\.m2\repository\org\hamcrest\hamcrest-core\1.3\hamcrest-core-1.3.jar;"/>
    <property name="java.vm.vendor" value="Oracle Corporation"/>
    <property name="sun.arch.data.model" value="64"/>
    <property name="user.variant" value=""/>
    <property name="java.vendor.url" value="https://java.oracle.com/"/>
    <property name="user.timezone" value="Asia/Calcutta"/>
    <property name="os.name" value="Windows 11"/>
    <property name="java.vm.specification.version" value="17"/>
    <property name="sun.java.launcher" value="SUN_STANDARD"/>
    <property name="user.country" value="IN"/>
    <property name="sun.boot.library.path" value="C:\Program Files\Java\jdk-17\bin"/>
    <property name="sun.java.command" value="C:\Users\HP\AppData\Local\Temp\surefire252507003456081279\surefirebooter-20240905231004639_3.jar C:\Users\HP\AppData\Local\Temp\surefire252507003456081279 2024-09-05T23-10-04_416-jvmRun1 surefire-20240905231004639_1tmp surefire_0-20240905231004639_2tmp"/>
    <property name="jdk.debug" value="release"/>
    <property name="surefire.test.class.path" value="C:\Users\HP\eclipse-workspace\Restassuredwithbdd\target\test-classes;C:\Users\HP\eclipse-workspace\Restassuredwithbdd\target\classes;C:\Users\HP\.m2\repository\io\cucumber\cucumber-java\7.0.0\cucumber-java-7.0.0.jar;C:\Users\HP\.m2\repository\io\cucumber\cucumber-core\7.0.0\cucumber-core-7.0.0.jar;C:\Users\HP\.m2\repository\io\cucumber\cucumber-gherkin\7.0.0\cucumber-gherkin-7.0.0.jar;C:\Users\HP\.m2\repository\io\cucumber\cucumber-gherkin-messages\7.0.0\cucumber-gherkin-messages-7.0.0.jar;C:\Users\HP\.m2\repository\io\cucumber\messages\17.1.1\messages-17.1.1.jar;C:\Users\HP\.m2\repository\io\cucumber\tag-expressions\4.0.2\tag-expressions-4.0.2.jar;C:\Users\HP\.m2\repository\io\cucumber\cucumber-expressions\13.0.1\cucumber-expressions-13.0.1.jar;C:\Users\HP\.m2\repository\io\cucumber\datatable\7.0.0\datatable-7.0.0.jar;C:\Users\HP\.m2\repository\io\cucumber\cucumber-plugin\7.0.0\cucumber-plugin-7.0.0.jar;C:\Users\HP\.m2\repository\io\cucumber\docstring\7.0.0\docstring-7.0.0.jar;C:\Users\HP\.m2\repository\io\cucumber\html-formatter\17.0.0\html-formatter-17.0.0.jar;C:\Users\HP\.m2\repository\io\cucumber\create-meta\6.0.1\create-meta-6.0.1.jar;C:\Users\HP\.m2\repository\org\apiguardian\apiguardian-api\1.1.2\apiguardian-api-1.1.2.jar;C:\Users\HP\.m2\repository\io\cucumber\cucumber-junit\7.0.0\cucumber-junit-7.0.0.jar;C:\Users\HP\.m2\repository\io\rest-assured\rest-assured\4.3.3\rest-assured-4.3.3.jar;C:\Users\HP\.m2\repository\org\codehaus\groovy\groovy\3.0.7\groovy-3.0.7.jar;C:\Users\HP\.m2\repository\org\codehaus\groovy\groovy-xml\3.0.7\groovy-xml-3.0.7.jar;C:\Users\HP\.m2\repository\org\apache\httpcomponents\httpclient\4.5.3\httpclient-4.5.3.jar;C:\Users\HP\.m2\repository\org\apache\httpcomponents\httpcore\4.4.6\httpcore-4.4.6.jar;C:\Users\HP\.m2\repository\commons-logging\commons-logging\1.2\commons-logging-1.2.jar;C:\Users\HP\.m2\repository\commons-codec\commons-codec\1.9\commons-codec-1.9.jar;C:\Users\HP\.m2\repository\org\apache\httpcomponents\httpmime\4.5.3\httpmime-4.5.3.jar;C:\Users\HP\.m2\repository\org\hamcrest\hamcrest\2.1\hamcrest-2.1.jar;C:\Users\HP\.m2\repository\org\ccil\cowan\tagsoup\tagsoup\1.2.1\tagsoup-1.2.1.jar;C:\Users\HP\.m2\repository\io\rest-assured\json-path\4.3.3\json-path-4.3.3.jar;C:\Users\HP\.m2\repository\org\codehaus\groovy\groovy-json\3.0.7\groovy-json-3.0.7.jar;C:\Users\HP\.m2\repository\io\rest-assured\rest-assured-common\4.3.3\rest-assured-common-4.3.3.jar;C:\Users\HP\.m2\repository\io\rest-assured\xml-path\4.3.3\xml-path-4.3.3.jar;C:\Users\HP\.m2\repository\org\apache\commons\commons-lang3\3.11\commons-lang3-3.11.jar;C:\Users\HP\.m2\repository\jakarta\xml\bind\jakarta.xml.bind-api\2.3.3\jakarta.xml.bind-api-2.3.3.jar;C:\Users\HP\.m2\repository\jakarta\activation\jakarta.activation-api\1.2.2\jakarta.activation-api-1.2.2.jar;C:\Users\HP\.m2\repository\com\sun\xml\bind\jaxb-impl\2.3.3\jaxb-impl-2.3.3.jar;C:\Users\HP\.m2\repository\junit\junit\4.13.1\junit-4.13.1.jar;C:\Users\HP\.m2\repository\org\hamcrest\hamcrest-core\1.3\hamcrest-core-1.3.jar;"/>
    <property name="sun.cpu.endian" value="little"/>
    <property name="user.home" value="C:\Users\HP"/>
    <property name="user.language" value="en"/>
    <property name="java.specification.vendor" value="Oracle Corporation"/>
    <property name="java.version.date" value="2024-07-16"/>
    <property name="java.home" value="C:\Program Files\Java\jdk-17"/>
    <property name="file.separator" value="\"/>
    <property name="basedir" value="C:\Users\HP\eclipse-workspace\Restassuredwithbdd"/>
    <property name="java.vm.compressedOopsMode" value="32-bit"/>
    <property name="line.separator" value="&#10;"/>
    <property name="java.vm.specification.vendor" value="Oracle Corporation"/>
    <property name="java.specification.name" value="Java Platform API Specification"/>
    <property name="surefire.real.class.path" value="C:\Users\HP\AppData\Local\Temp\surefire252507003456081279\surefirebooter-20240905231004639_3.jar"/>
    <property name="user.script" value=""/>
    <property name="sun.management.compiler" value="HotSpot 64-Bit Tiered Compilers"/>
    <property name="java.runtime.version" value="17.0.12+8-LTS-286"/>
    <property name="user.name" value="HP"/>
    <property name="path.separator" value=";"/>
    <property name="os.version" value="10.0"/>
    <property name="java.runtime.name" value="Java(TM) SE Runtime Environment"/>
    <property name="file.encoding" value="Cp1252"/>
    <property name="java.vm.name" value="Java HotSpot(TM) 64-Bit Server VM"/>
    <property name="localRepository" value="C:\Users\HP\.m2\repository"/>
    <property name="java.vendor.url.bug" value="https://bugreport.java.com/bugreport/"/>
    <property name="java.io.tmpdir" value="C:\Users\HP\AppData\Local\Temp\"/>
    <property name="java.version" value="17.0.12"/>
    <property name="user.dir" value="C:\Users\HP\eclipse-workspace\Restassuredwithbdd"/>
    <property name="os.arch" value="amd64"/>
    <property name="java.vm.specification.name" value="Java Virtual Machine Specification"/>
    <property name="sun.os.patch.level" value=""/>
    <property name="native.encoding" value="Cp1252"/>
    <property name="java.library.path" value="C:\Program Files\Java\jdk-17\bin;C:\windows\Sun\Java\bin;C:\windows\system32;C:\windows;C:\Python312\Scripts\;C:\Python312\;C:\Program Files\Common Files\Oracle\Java\javapath;C:\windows\system32;C:\windows;C:\windows\System32\Wbem;C:\windows\System32\WindowsPowerShell\v1.0\;C:\windows\System32\OpenSSH\;C:\Program Files\Git\cmd;C:\Program Files\Java\jdk-17\bin;C:\Program Files\nodejs\;C:\ProgramData\chocolatey\bin;C:\Users\HP\Downloads\apache-maven-3.9.9-bin\apache-maven-3.9.9\bin;C:\Users\HP\anaconda3;C:\Users\HP\anaconda3\Library\mingw-w64\bin;C:\Users\HP\anaconda3\Library\usr\bin;C:\Users\HP\anaconda3\Library\bin;C:\Users\HP\anaconda3\Scripts;C:\Users\HP\AppData\Local\Microsoft\WindowsApps;C:\Program Files\Java\jdk-17\bin;C:\Users\HP\AppData\Roaming\npm;C:\Users\HP\AppData\Local\Programs\Microsoft VS Code\bin;C:\Users\HP\Downloads\apache-maven-3.9.9-bin\apache-maven-3.9.9\bin;;."/>
    <property name="java.vm.info" value="mixed mode, sharing"/>
    <property name="java.vendor" value="Oracle Corporation"/>
    <property name="java.vm.version" value="17.0.12+8-LTS-286"/>
    <property name="sun.io.unicode.encoding" value="UnicodeLittle"/>
    <property name="java.class.version" value="61.0"/>
  </properties>
  <testcase name="User Registration" classname="Grocery Store Management API Testing" time="1.606">
    <system-out><![CDATA[
Scenario: User Registration                                                    &amp#27;[90m# src/test/resources/features/grocery.feature:3&amp#27;[0m
  &amp#27;[32mGiven &amp#27;[0m&amp#27;[32mthe API is running&amp#27;[0m                                                     &amp#27;[90m# stepdefinition.GroceryManagementSteps.the_api_is_running()&amp#27;[0m
  &amp#27;[32mWhen &amp#27;[0m&amp#27;[32mI register a new user with username &amp#27;[0m&amp#27;[32m&amp#27;[1m"Siri"&amp#27;[0m&amp#27;[32m and email &amp#27;[0m&amp#27;[32m&amp#27;[1m"Siri@example.com"&amp#27;[0m &amp#27;[90m# stepdefinition.GroceryManagementSteps.i_register_a_new_user_with_username_and_email(java.lang.String,java.lang.String)&amp#27;[0m
  &amp#27;[32mThen &amp#27;[0m&amp#27;[32mthe user should be successfully registered with status code &amp#27;[0m&amp#27;[32m&amp#27;[1m201&amp#27;[0m         &amp#27;[90m# stepdefinition.GroceryManagementSteps.the_user_should_be_successfully_registered_with_status_code(java.lang.Integer)&amp#27;[0m
]]></system-out>
  </testcase>
  <testcase name="User Login" classname="Grocery Store Management API Testing" time="0.029">
    <system-out><![CDATA[
Scenario: User Login                                               &amp#27;[90m# src/test/resources/features/grocery.feature:8&amp#27;[0m
  &amp#27;[32mGiven &amp#27;[0m&amp#27;[32mthe API is running&amp#27;[0m                                         &amp#27;[90m# stepdefinition.GroceryManagementSteps.the_api_is_running()&amp#27;[0m
  &amp#27;[32mWhen &amp#27;[0m&amp#27;[32mI log in with username &amp#27;[0m&amp#27;[32m&amp#27;[1m"Mounika"&amp#27;[0m&amp#27;[32m and password &amp#27;[0m&amp#27;[32m&amp#27;[1m"Mounika@123"&amp#27;[0m &amp#27;[90m# stepdefinition.GroceryManagementSteps.i_log_in_with_username_and_password(java.lang.String,java.lang.String)&amp#27;[0m
  &amp#27;[32mThen &amp#27;[0m&amp#27;[32mthe login should be successful with status code &amp#27;[0m&amp#27;[32m&amp#27;[1m200&amp#27;[0m         &amp#27;[90m# stepdefinition.GroceryManagementSteps.the_login_should_be_successful_with_status_code(java.lang.Integer)&amp#27;[0m
]]></system-out>
  </testcase>
  <testcase name="Add a new product" classname="Grocery Store Management API Testing" time="0.016">
    <system-out><![CDATA[
Scenario: Add a new product                                                                     &amp#27;[90m# src/test/resources/features/grocery.feature:13&amp#27;[0m
  &amp#27;[32mGiven &amp#27;[0m&amp#27;[32mthe API is running&amp#27;[0m                                                                      &amp#27;[90m# stepdefinition.GroceryManagementSteps.the_api_is_running()&amp#27;[0m
  &amp#27;[32mWhen &amp#27;[0m&amp#27;[32mI add a product with name &amp#27;[0m&amp#27;[32m&amp#27;[1m"Apple"&amp#27;[0m&amp#27;[32m, category &amp#27;[0m&amp#27;[32m&amp#27;[1m"Fruits"&amp#27;[0m&amp#27;[32m, price &amp#27;[0m&amp#27;[32m&amp#27;[1m10.0&amp#27;[0m&amp#27;[32m, and stock quantity &amp#27;[0m&amp#27;[32m&amp#27;[1m100&amp#27;[0m &amp#27;[90m# stepdefinition.GroceryManagementSteps.i_add_a_product_with_name_category_price_and_stock_quantity(java.lang.String,java.lang.String,java.lang.Double,java.lang.Integer)&amp#27;[0m
  &amp#27;[32mThen &amp#27;[0m&amp#27;[32mthe product should be successfully added with status code &amp#27;[0m&amp#27;[32m&amp#27;[1m201&amp#27;[0m                            &amp#27;[90m# stepdefinition.GroceryManagementSteps.the_product_should_be_successfully_added_with_status_code(java.lang.Integer)&amp#27;[0m
]]></system-out>
  </testcase>
  <testcase name="Search for a product" classname="Grocery Store Management API Testing" time="0.033">
    <system-out><![CDATA[
Scenario: Search for a product                               &amp#27;[90m# src/test/resources/features/grocery.feature:18&amp#27;[0m
  &amp#27;[32mGiven &amp#27;[0m&amp#27;[32mthe API is running&amp#27;[0m                                   &amp#27;[90m# stepdefinition.GroceryManagementSteps.the_api_is_running()&amp#27;[0m
  &amp#27;[32mWhen &amp#27;[0m&amp#27;[32mI search for products with name &amp#27;[0m&amp#27;[32m&amp#27;[1m"Mango"&amp#27;[0m               &amp#27;[90m# stepdefinition.GroceryManagementSteps.i_search_for_products_with_name(java.lang.String)&amp#27;[0m
  &amp#27;[32mThen &amp#27;[0m&amp#27;[32mI should get the product details with status code &amp#27;[0m&amp#27;[32m&amp#27;[1m200&amp#27;[0m &amp#27;[90m# stepdefinition.GroceryManagementSteps.i_should_get_the_product_details_with_status_code(java.lang.Integer)&amp#27;[0m
]]></system-out>
  </testcase>
  <testcase name="Place an order" classname="Grocery Store Management API Testing" time="0.041">
    <system-out><![CDATA[
Scenario: Place an order                                                             &amp#27;[90m# src/test/resources/features/grocery.feature:23&amp#27;[0m
  &amp#27;[32mGiven &amp#27;[0m&amp#27;[32mthe API is running&amp#27;[0m                                                           &amp#27;[90m# stepdefinition.GroceryManagementSteps.the_api_is_running()&amp#27;[0m
  &amp#27;[32mWhen &amp#27;[0m&amp#27;[32mI place an order with userId &amp#27;[0m&amp#27;[32m&amp#27;[1m1&amp#27;[0m&amp#27;[32m, productId &amp#27;[0m&amp#27;[32m&amp#27;[1m1&amp#27;[0m&amp#27;[32m, quantity &amp#27;[0m&amp#27;[32m&amp#27;[1m5&amp#27;[0m&amp#27;[32m, and totalPrice &amp#27;[0m&amp#27;[32m&amp#27;[1m500.0&amp#27;[0m &amp#27;[90m# stepdefinition.GroceryManagementSteps.i_place_an_order_with_userId_productId_quantity_and_totalPrice(java.lang.Integer,java.lang.Integer,java.lang.Integer,java.lang.Double)&amp#27;[0m
  &amp#27;[32mThen &amp#27;[0m&amp#27;[32mthe order should be successfully created with status code &amp#27;[0m&amp#27;[32m&amp#27;[1m201&amp#27;[0m                 &amp#27;[90m# stepdefinition.GroceryManagementSteps.the_order_should_be_successfully_created_with_status_code(java.lang.Integer)&amp#27;[0m
]]></system-out>
  </testcase>
  <testcase name="Delete a user by user ID" classname="Grocery Store Management API Testing" time="0.021">
    <system-out><![CDATA[
Scenario: Delete a user by user ID                                  &amp#27;[90m# src/test/resources/features/grocery.feature:28&amp#27;[0m
  &amp#27;[32mGiven &amp#27;[0m&amp#27;[32mthe API is running&amp#27;[0m                                          &amp#27;[90m# stepdefinition.GroceryManagementSteps.the_api_is_running()&amp#27;[0m
  &amp#27;[32mWhen &amp#27;[0m&amp#27;[32mI delete the user with ID &amp#27;[0m&amp#27;[32m&amp#27;[1m2&amp#27;[0m                                  &amp#27;[90m# stepdefinition.GroceryManagementSteps.i_delete_the_user_with_ID(java.lang.Integer)&amp#27;[0m
  &amp#27;[32mThen &amp#27;[0m&amp#27;[32mthe user should be successfully deleted with status code &amp#27;[0m&amp#27;[32m&amp#27;[1m204&amp#27;[0m &amp#27;[90m# stepdefinition.GroceryManagementSteps.the_user_should_be_successfully_deleted_with_status_code(java.lang.Integer)&amp#27;[0m
]]></system-out>
  </testcase>
  <testcase name="Filter products by category" classname="Grocery Store Management API Testing" time="0.424">
    <system-out><![CDATA[
Scenario: Filter products by category                                                  &amp#27;[90m# src/test/resources/features/grocery.feature:33&amp#27;[0m
  &amp#27;[32mGiven &amp#27;[0m&amp#27;[32mthe API is running&amp#27;[0m                                                             &amp#27;[90m# stepdefinition.GroceryManagementSteps.the_api_is_running()&amp#27;[0m
  &amp#27;[32mWhen &amp#27;[0m&amp#27;[32mI filter the products by category &amp#27;[0m&amp#27;[32m&amp#27;[1m"Food"&amp#27;[0m                                        &amp#27;[90m# stepdefinition.GroceryManagementSteps.i_filter_the_products_by_category(java.lang.String)&amp#27;[0m
  &amp#27;[32mThen &amp#27;[0m&amp#27;[32mI should receive a list of products in the &amp#27;[0m&amp#27;[32m&amp#27;[1m"Food"&amp#27;[0m&amp#27;[32m category with status code &amp#27;[0m&amp#27;[32m&amp#27;[1m200&amp#27;[0m &amp#27;[90m# stepdefinition.GroceryManagementSteps.i_should_receive_a_list_of_products_in_the_category_with_status_code(java.lang.String,java.lang.Integer)&amp#27;[0m
]]></system-out>
  </testcase>
  <testcase name="Update user profile by user ID" classname="Grocery Store Management API Testing" time="0.027">
    <system-out><![CDATA[
Scenario: Update user profile by user ID                            &amp#27;[90m# src/test/resources/features/grocery.feature:38&amp#27;[0m
  &amp#27;[32mGiven &amp#27;[0m&amp#27;[32mthe API is running&amp#27;[0m                                          &amp#27;[90m# stepdefinition.GroceryManagementSteps.the_api_is_running()&amp#27;[0m
  &amp#27;[32mWhen &amp#27;[0m&amp#27;[32mI update the user with ID &amp#27;[0m&amp#27;[32m&amp#27;[1m4&amp#27;[0m                                  &amp#27;[90m# stepdefinition.GroceryManagementSteps.i_update_the_user_with_ID(java.lang.Integer)&amp#27;[0m
  &amp#27;[32mThen &amp#27;[0m&amp#27;[32mthe user should be successfully deleted with status code &amp#27;[0m&amp#27;[32m&amp#27;[1m200&amp#27;[0m &amp#27;[90m# stepdefinition.GroceryManagementSteps.the_user_should_be_successfully_deleted_with_status_code(java.lang.Integer)&amp#27;[0m
]]></system-out>
  </testcase>
  <testcase name="Get order details by order ID" classname="Grocery Store Management API Testing" time="0.023">
    <system-out><![CDATA[
Scenario: Get order details by order ID                        &amp#27;[90m# src/test/resources/features/grocery.feature:43&amp#27;[0m
  &amp#27;[32mGiven &amp#27;[0m&amp#27;[32mthe API is running&amp#27;[0m                                     &amp#27;[90m# stepdefinition.GroceryManagementSteps.the_api_is_running()&amp#27;[0m
  &amp#27;[32mWhen &amp#27;[0m&amp#27;[32mI get the orders by ID &amp#27;[0m&amp#27;[32m&amp#27;[1m5&amp#27;[0m                                &amp#27;[90m# stepdefinition.GroceryManagementSteps.i_get_the_orders_by_ID(java.lang.Integer)&amp#27;[0m
  &amp#27;[32mThen &amp#27;[0m&amp#27;[32mI should get the order details with the status code &amp#27;[0m&amp#27;[32m&amp#27;[1m200&amp#27;[0m &amp#27;[90m# stepdefinition.GroceryManagementSteps.i_should_get_the_order_details_with_the_status_code(java.lang.Integer)&amp#27;[0m
]]></system-out>
  </testcase>
</testsuite>